[2024-12-12T19:29:23.571+0000] {manager.py:483} INFO - Processing files using up to 2 processes at a time 
[2024-12-12T19:29:23.571+0000] {manager.py:484} INFO - Process each file at most once every 30 seconds
[2024-12-12T19:29:23.572+0000] {manager.py:485} INFO - Checking for new files in /opt/airflow/dags every 300 seconds
[2024-12-12T19:29:23.572+0000] {manager.py:821} INFO - Searching for files in /opt/airflow/dags
[2024-12-12T19:29:23.577+0000] {manager.py:824} INFO - There are 1 files in /opt/airflow/dags
[2024-12-12T19:29:23.643+0000] {manager.py:997} INFO - 
================================================================================
DAG File Processing Stats

File Path                                    PID  Runtime      # DAGs    # Errors  Last Runtime    Last Run      Last # of DB Queries
-----------------------------------------  -----  ---------  --------  ----------  --------------  ----------  ----------------------
/opt/airflow/dags/movielens_processing.py     46  0.02s             0           0                                                   0
================================================================================
[2024-12-12T19:29:53.777+0000] {manager.py:997} INFO - 
================================================================================
DAG File Processing Stats

File Path                                  PID    Runtime      # DAGs    # Errors  Last Runtime    Last Run               Last # of DB Queries
-----------------------------------------  -----  ---------  --------  ----------  --------------  -------------------  ----------------------
/opt/airflow/dags/movielens_processing.py                           1           0  0.89s           2024-12-12T19:29:24                      43
================================================================================
[2024-12-12T19:30:24.156+0000] {manager.py:997} INFO - 
================================================================================
DAG File Processing Stats

File Path                                  PID    Runtime      # DAGs    # Errors  Last Runtime    Last Run               Last # of DB Queries
-----------------------------------------  -----  ---------  --------  ----------  --------------  -------------------  ----------------------
/opt/airflow/dags/movielens_processing.py                           1           0  0.29s           2024-12-12T19:29:55                      10
================================================================================
[2024-12-12T19:30:54.459+0000] {manager.py:997} INFO - 
================================================================================
DAG File Processing Stats

File Path                                  PID    Runtime      # DAGs    # Errors  Last Runtime    Last Run               Last # of DB Queries
-----------------------------------------  -----  ---------  --------  ----------  --------------  -------------------  ----------------------
/opt/airflow/dags/movielens_processing.py                           1           0  0.15s           2024-12-12T19:30:25                      10
================================================================================
[2024-12-12T19:31:24.878+0000] {manager.py:997} INFO - 
================================================================================
DAG File Processing Stats

File Path                                  PID    Runtime      # DAGs    # Errors  Last Runtime    Last Run               Last # of DB Queries
-----------------------------------------  -----  ---------  --------  ----------  --------------  -------------------  ----------------------
/opt/airflow/dags/movielens_processing.py                           1           0  0.14s           2024-12-12T19:30:55                      10
================================================================================
[2024-12-12T19:31:55.170+0000] {manager.py:997} INFO - 
================================================================================
DAG File Processing Stats

File Path                                  PID    Runtime      # DAGs    # Errors  Last Runtime    Last Run               Last # of DB Queries
-----------------------------------------  -----  ---------  --------  ----------  --------------  -------------------  ----------------------
/opt/airflow/dags/movielens_processing.py                           1           0  0.16s           2024-12-12T19:31:26                      10
================================================================================
[2024-12-12T19:32:25.598+0000] {manager.py:997} INFO - 
================================================================================
DAG File Processing Stats

File Path                                  PID    Runtime      # DAGs    # Errors  Last Runtime    Last Run               Last # of DB Queries
-----------------------------------------  -----  ---------  --------  ----------  --------------  -------------------  ----------------------
/opt/airflow/dags/movielens_processing.py                           1           0  0.15s           2024-12-12T19:31:56                      10
================================================================================
[2024-12-12T19:32:55.904+0000] {manager.py:997} INFO - 
================================================================================
DAG File Processing Stats

File Path                                  PID    Runtime      # DAGs    # Errors  Last Runtime    Last Run               Last # of DB Queries
-----------------------------------------  -----  ---------  --------  ----------  --------------  -------------------  ----------------------
/opt/airflow/dags/movielens_processing.py                           1           0  0.13s           2024-12-12T19:32:26                      10
================================================================================
[2024-12-12T19:33:26.318+0000] {manager.py:997} INFO - 
================================================================================
DAG File Processing Stats

File Path                                  PID    Runtime      # DAGs    # Errors  Last Runtime    Last Run               Last # of DB Queries
-----------------------------------------  -----  ---------  --------  ----------  --------------  -------------------  ----------------------
/opt/airflow/dags/movielens_processing.py                           1           0  0.14s           2024-12-12T19:32:57                      10
================================================================================
[2024-12-12T19:33:56.639+0000] {manager.py:997} INFO - 
================================================================================
DAG File Processing Stats

File Path                                  PID    Runtime      # DAGs    # Errors  Last Runtime    Last Run               Last # of DB Queries
-----------------------------------------  -----  ---------  --------  ----------  --------------  -------------------  ----------------------
/opt/airflow/dags/movielens_processing.py                           1           0  0.14s           2024-12-12T19:33:27                      10
================================================================================
[2024-12-12T19:34:24.027+0000] {manager.py:821} INFO - Searching for files in /opt/airflow/dags
[2024-12-12T19:34:24.043+0000] {manager.py:824} INFO - There are 1 files in /opt/airflow/dags
[2024-12-12T19:34:27.092+0000] {manager.py:997} INFO - 
================================================================================
DAG File Processing Stats

File Path                                  PID    Runtime      # DAGs    # Errors  Last Runtime    Last Run               Last # of DB Queries
-----------------------------------------  -----  ---------  --------  ----------  --------------  -------------------  ----------------------
/opt/airflow/dags/movielens_processing.py                           1           0  0.15s           2024-12-12T19:33:57                      10
================================================================================
[2024-12-12T19:34:57.439+0000] {manager.py:997} INFO - 
================================================================================
DAG File Processing Stats

File Path                                  PID    Runtime      # DAGs    # Errors  Last Runtime    Last Run               Last # of DB Queries
-----------------------------------------  -----  ---------  --------  ----------  --------------  -------------------  ----------------------
/opt/airflow/dags/movielens_processing.py                           1           0  0.15s           2024-12-12T19:34:28                      10
================================================================================
[2024-12-12T19:35:27.805+0000] {manager.py:997} INFO - 
================================================================================
DAG File Processing Stats

File Path                                  PID    Runtime      # DAGs    # Errors  Last Runtime    Last Run               Last # of DB Queries
-----------------------------------------  -----  ---------  --------  ----------  --------------  -------------------  ----------------------
/opt/airflow/dags/movielens_processing.py                           1           0  0.14s           2024-12-12T19:34:58                      10
================================================================================
[2024-12-12T19:35:58.111+0000] {manager.py:997} INFO - 
================================================================================
DAG File Processing Stats

File Path                                  PID    Runtime      # DAGs    # Errors  Last Runtime    Last Run               Last # of DB Queries
-----------------------------------------  -----  ---------  --------  ----------  --------------  -------------------  ----------------------
/opt/airflow/dags/movielens_processing.py                           1           0  0.13s           2024-12-12T19:35:28                      10
================================================================================
[2024-12-12T19:36:28.543+0000] {manager.py:997} INFO - 
================================================================================
DAG File Processing Stats

File Path                                  PID    Runtime      # DAGs    # Errors  Last Runtime    Last Run               Last # of DB Queries
-----------------------------------------  -----  ---------  --------  ----------  --------------  -------------------  ----------------------
/opt/airflow/dags/movielens_processing.py                           1           0  0.14s           2024-12-12T19:35:59                      10
================================================================================
[2024-12-12T19:36:58.918+0000] {manager.py:997} INFO - 
================================================================================
DAG File Processing Stats

File Path                                  PID    Runtime      # DAGs    # Errors  Last Runtime    Last Run               Last # of DB Queries
-----------------------------------------  -----  ---------  --------  ----------  --------------  -------------------  ----------------------
/opt/airflow/dags/movielens_processing.py                           1           0  0.15s           2024-12-12T19:36:29                      10
================================================================================
[2024-12-12T19:37:29.320+0000] {manager.py:997} INFO - 
================================================================================
DAG File Processing Stats

File Path                                  PID    Runtime      # DAGs    # Errors  Last Runtime    Last Run               Last # of DB Queries
-----------------------------------------  -----  ---------  --------  ----------  --------------  -------------------  ----------------------
/opt/airflow/dags/movielens_processing.py                           1           0  0.15s           2024-12-12T19:37:00                      10
================================================================================
[2024-12-12T19:37:59.643+0000] {manager.py:997} INFO - 
================================================================================
DAG File Processing Stats

File Path                                  PID    Runtime      # DAGs    # Errors  Last Runtime    Last Run               Last # of DB Queries
-----------------------------------------  -----  ---------  --------  ----------  --------------  -------------------  ----------------------
/opt/airflow/dags/movielens_processing.py                           1           0  0.15s           2024-12-12T19:37:30                      10
================================================================================
[2024-12-12T19:38:30.061+0000] {manager.py:997} INFO - 
================================================================================
DAG File Processing Stats

File Path                                  PID    Runtime      # DAGs    # Errors  Last Runtime    Last Run               Last # of DB Queries
-----------------------------------------  -----  ---------  --------  ----------  --------------  -------------------  ----------------------
/opt/airflow/dags/movielens_processing.py                           1           0  0.17s           2024-12-12T19:38:00                      10
================================================================================
[2024-12-12T19:39:00.391+0000] {manager.py:997} INFO - 
================================================================================
DAG File Processing Stats

File Path                                  PID    Runtime      # DAGs    # Errors  Last Runtime    Last Run               Last # of DB Queries
-----------------------------------------  -----  ---------  --------  ----------  --------------  -------------------  ----------------------
/opt/airflow/dags/movielens_processing.py                           1           0  0.16s           2024-12-12T19:38:31                      10
================================================================================
[2024-12-12T19:40:06.102+0000] {manager.py:821} INFO - Searching for files in /opt/airflow/dags
[2024-12-12T19:40:06.113+0000] {manager.py:824} INFO - There are 1 files in /opt/airflow/dags
[2024-12-12T19:40:30.377+0000] {manager.py:997} INFO - 
================================================================================
DAG File Processing Stats

File Path                                  PID    Runtime      # DAGs    # Errors  Last Runtime    Last Run               Last # of DB Queries
-----------------------------------------  -----  ---------  --------  ----------  --------------  -------------------  ----------------------
/opt/airflow/dags/movielens_processing.py                           1           0  0.13s           2024-12-12T19:40:06                      10
================================================================================
[2024-12-12T19:41:00.749+0000] {manager.py:997} INFO - 
================================================================================
DAG File Processing Stats

File Path                                  PID    Runtime      # DAGs    # Errors  Last Runtime    Last Run               Last # of DB Queries
-----------------------------------------  -----  ---------  --------  ----------  --------------  -------------------  ----------------------
/opt/airflow/dags/movielens_processing.py                           1           0  0.16s           2024-12-12T19:40:36                      10
================================================================================
[2024-12-12T19:41:30.302+0000] {manager.py:465} INFO - Exiting gracefully upon receiving signal 15
[2024-12-12T19:53:50.201+0000] {manager.py:483} INFO - Processing files using up to 2 processes at a time 
[2024-12-12T19:53:50.202+0000] {manager.py:484} INFO - Process each file at most once every 30 seconds
[2024-12-12T19:53:50.203+0000] {manager.py:485} INFO - Checking for new files in /opt/airflow/dags every 300 seconds
[2024-12-12T19:53:50.203+0000] {manager.py:821} INFO - Searching for files in /opt/airflow/dags
[2024-12-12T19:53:50.214+0000] {manager.py:824} INFO - There are 1 files in /opt/airflow/dags
[2024-12-12T19:53:50.270+0000] {manager.py:997} INFO - 
================================================================================
DAG File Processing Stats

File Path                                    PID  Runtime      # DAGs    # Errors  Last Runtime    Last Run      Last # of DB Queries
-----------------------------------------  -----  ---------  --------  ----------  --------------  ----------  ----------------------
/opt/airflow/dags/movielens_processing.py     46  0.02s             0           0                                                   0
================================================================================
[2024-12-12T19:54:20.554+0000] {manager.py:997} INFO - 
================================================================================
DAG File Processing Stats

File Path                                  PID    Runtime      # DAGs    # Errors  Last Runtime    Last Run               Last # of DB Queries
-----------------------------------------  -----  ---------  --------  ----------  --------------  -------------------  ----------------------
/opt/airflow/dags/movielens_processing.py                           1           0  1.06s           2024-12-12T19:53:51                      32
================================================================================
[2024-12-12T19:54:50.830+0000] {manager.py:997} INFO - 
================================================================================
DAG File Processing Stats

File Path                                  PID    Runtime      # DAGs    # Errors  Last Runtime    Last Run               Last # of DB Queries
-----------------------------------------  -----  ---------  --------  ----------  --------------  -------------------  ----------------------
/opt/airflow/dags/movielens_processing.py                           1           0  0.31s           2024-12-12T19:54:21                      10
================================================================================
[2024-12-12T19:55:21.363+0000] {manager.py:997} INFO - 
================================================================================
DAG File Processing Stats

File Path                                  PID    Runtime      # DAGs    # Errors  Last Runtime    Last Run               Last # of DB Queries
-----------------------------------------  -----  ---------  --------  ----------  --------------  -------------------  ----------------------
/opt/airflow/dags/movielens_processing.py                           1           0  0.22s           2024-12-12T19:54:52                      10
================================================================================
[2024-12-12T19:55:51.678+0000] {manager.py:997} INFO - 
================================================================================
DAG File Processing Stats

File Path                                  PID    Runtime      # DAGs    # Errors  Last Runtime    Last Run               Last # of DB Queries
-----------------------------------------  -----  ---------  --------  ----------  --------------  -------------------  ----------------------
/opt/airflow/dags/movielens_processing.py                           1           0  0.16s           2024-12-12T19:55:22                      10
================================================================================
[2024-12-12T19:56:22.045+0000] {manager.py:997} INFO - 
================================================================================
DAG File Processing Stats

File Path                                  PID    Runtime      # DAGs    # Errors  Last Runtime    Last Run               Last # of DB Queries
-----------------------------------------  -----  ---------  --------  ----------  --------------  -------------------  ----------------------
/opt/airflow/dags/movielens_processing.py                           1           0  0.17s           2024-12-12T19:55:52                      10
================================================================================
[2024-12-12T19:56:52.678+0000] {manager.py:997} INFO - 
================================================================================
DAG File Processing Stats

File Path                                  PID    Runtime      # DAGs    # Errors  Last Runtime    Last Run               Last # of DB Queries
-----------------------------------------  -----  ---------  --------  ----------  --------------  -------------------  ----------------------
/opt/airflow/dags/movielens_processing.py                           1           0  0.15s           2024-12-12T19:56:29                      10
================================================================================
[2024-12-12T19:57:22.961+0000] {manager.py:997} INFO - 
================================================================================
DAG File Processing Stats

File Path                                  PID    Runtime      # DAGs    # Errors  Last Runtime    Last Run               Last # of DB Queries
-----------------------------------------  -----  ---------  --------  ----------  --------------  -------------------  ----------------------
/opt/airflow/dags/movielens_processing.py                           1           0  0.16s           2024-12-12T19:56:59                      10
================================================================================
[2024-12-12T19:57:53.359+0000] {manager.py:997} INFO - 
================================================================================
DAG File Processing Stats

File Path                                  PID    Runtime      # DAGs    # Errors  Last Runtime    Last Run               Last # of DB Queries
-----------------------------------------  -----  ---------  --------  ----------  --------------  -------------------  ----------------------
/opt/airflow/dags/movielens_processing.py                           1           0  0.21s           2024-12-12T19:57:30                      10
================================================================================
[2024-12-12T19:58:23.655+0000] {manager.py:997} INFO - 
================================================================================
DAG File Processing Stats

File Path                                  PID    Runtime      # DAGs    # Errors  Last Runtime    Last Run               Last # of DB Queries
-----------------------------------------  -----  ---------  --------  ----------  --------------  -------------------  ----------------------
/opt/airflow/dags/movielens_processing.py                           1           0  0.18s           2024-12-12T19:58:00                      10
================================================================================
[2024-12-12T19:58:50.960+0000] {manager.py:821} INFO - Searching for files in /opt/airflow/dags
[2024-12-12T19:58:50.976+0000] {manager.py:824} INFO - There are 1 files in /opt/airflow/dags
[2024-12-12T19:58:54.011+0000] {manager.py:997} INFO - 
================================================================================
DAG File Processing Stats

File Path                                  PID    Runtime      # DAGs    # Errors  Last Runtime    Last Run               Last # of DB Queries
-----------------------------------------  -----  ---------  --------  ----------  --------------  -------------------  ----------------------
/opt/airflow/dags/movielens_processing.py                           1           0  0.20s           2024-12-12T19:58:30                      10
================================================================================
[2024-12-12T19:59:24.315+0000] {manager.py:997} INFO - 
================================================================================
DAG File Processing Stats

File Path                                  PID    Runtime      # DAGs    # Errors  Last Runtime    Last Run               Last # of DB Queries
-----------------------------------------  -----  ---------  --------  ----------  --------------  -------------------  ----------------------
/opt/airflow/dags/movielens_processing.py                           1           0  0.18s           2024-12-12T19:59:01                      10
================================================================================
[2024-12-12T19:59:54.651+0000] {manager.py:997} INFO - 
================================================================================
DAG File Processing Stats

File Path                                  PID    Runtime      # DAGs    # Errors  Last Runtime    Last Run               Last # of DB Queries
-----------------------------------------  -----  ---------  --------  ----------  --------------  -------------------  ----------------------
/opt/airflow/dags/movielens_processing.py                           1           0  0.17s           2024-12-12T19:59:31                      10
================================================================================
[2024-12-12T20:00:25.037+0000] {manager.py:997} INFO - 
================================================================================
DAG File Processing Stats

File Path                                  PID    Runtime      # DAGs    # Errors  Last Runtime    Last Run               Last # of DB Queries
-----------------------------------------  -----  ---------  --------  ----------  --------------  -------------------  ----------------------
/opt/airflow/dags/movielens_processing.py                           1           0  0.23s           2024-12-12T20:00:01                      10
================================================================================
[2024-12-12T20:00:55.434+0000] {manager.py:997} INFO - 
================================================================================
DAG File Processing Stats

File Path                                  PID    Runtime      # DAGs    # Errors  Last Runtime    Last Run               Last # of DB Queries
-----------------------------------------  -----  ---------  --------  ----------  --------------  -------------------  ----------------------
/opt/airflow/dags/movielens_processing.py                           1           0  0.19s           2024-12-12T20:00:32                      10
================================================================================
[2024-12-12T20:01:25.761+0000] {manager.py:997} INFO - 
================================================================================
DAG File Processing Stats

File Path                                  PID    Runtime      # DAGs    # Errors  Last Runtime    Last Run               Last # of DB Queries
-----------------------------------------  -----  ---------  --------  ----------  --------------  -------------------  ----------------------
/opt/airflow/dags/movielens_processing.py                           1           0  0.19s           2024-12-12T20:01:02                      10
================================================================================
[2024-12-12T20:01:56.165+0000] {manager.py:997} INFO - 
================================================================================
DAG File Processing Stats

File Path                                  PID    Runtime      # DAGs    # Errors  Last Runtime    Last Run               Last # of DB Queries
-----------------------------------------  -----  ---------  --------  ----------  --------------  -------------------  ----------------------
/opt/airflow/dags/movielens_processing.py                           1           0  0.20s           2024-12-12T20:01:33                      10
================================================================================
[2024-12-12T20:02:26.484+0000] {manager.py:997} INFO - 
================================================================================
DAG File Processing Stats

File Path                                  PID    Runtime      # DAGs    # Errors  Last Runtime    Last Run               Last # of DB Queries
-----------------------------------------  -----  ---------  --------  ----------  --------------  -------------------  ----------------------
/opt/airflow/dags/movielens_processing.py                           1           0  0.16s           2024-12-12T20:02:03                      10
================================================================================
[2024-12-12T20:02:50.005+0000] {manager.py:465} INFO - Exiting gracefully upon receiving signal 15
[2024-12-12T20:07:46.057+0000] {manager.py:483} INFO - Processing files using up to 2 processes at a time 
[2024-12-12T20:07:46.058+0000] {manager.py:484} INFO - Process each file at most once every 30 seconds
[2024-12-12T20:07:46.059+0000] {manager.py:485} INFO - Checking for new files in /opt/airflow/dags every 300 seconds
[2024-12-12T20:07:46.061+0000] {manager.py:821} INFO - Searching for files in /opt/airflow/dags
[2024-12-12T20:07:46.077+0000] {manager.py:824} INFO - There are 1 files in /opt/airflow/dags
[2024-12-12T20:07:46.183+0000] {manager.py:997} INFO - 
================================================================================
DAG File Processing Stats

File Path                                    PID  Runtime      # DAGs    # Errors  Last Runtime    Last Run      Last # of DB Queries
-----------------------------------------  -----  ---------  --------  ----------  --------------  ----------  ----------------------
/opt/airflow/dags/movielens_processing.py     44  0.03s             0           0                                                   0
================================================================================
[2024-12-12T20:08:16.391+0000] {manager.py:997} INFO - 
================================================================================
DAG File Processing Stats

File Path                                  PID    Runtime      # DAGs    # Errors  Last Runtime    Last Run               Last # of DB Queries
-----------------------------------------  -----  ---------  --------  ----------  --------------  -------------------  ----------------------
/opt/airflow/dags/movielens_processing.py                           1           0  0.63s           2024-12-12T20:07:46                      10
================================================================================
[2024-12-12T20:08:46.587+0000] {manager.py:997} INFO - 
================================================================================
DAG File Processing Stats

File Path                                  PID    Runtime      # DAGs    # Errors  Last Runtime    Last Run               Last # of DB Queries
-----------------------------------------  -----  ---------  --------  ----------  --------------  -------------------  ----------------------
/opt/airflow/dags/movielens_processing.py                           1           0  0.25s           2024-12-12T20:08:17                      10
================================================================================
[2024-12-12T20:09:16.896+0000] {manager.py:997} INFO - 
================================================================================
DAG File Processing Stats

File Path                                  PID    Runtime      # DAGs    # Errors  Last Runtime    Last Run               Last # of DB Queries
-----------------------------------------  -----  ---------  --------  ----------  --------------  -------------------  ----------------------
/opt/airflow/dags/movielens_processing.py                           1           0  0.17s           2024-12-12T20:08:47                      10
================================================================================
[2024-12-12T20:09:47.332+0000] {manager.py:997} INFO - 
================================================================================
DAG File Processing Stats

File Path                                  PID    Runtime      # DAGs    # Errors  Last Runtime    Last Run               Last # of DB Queries
-----------------------------------------  -----  ---------  --------  ----------  --------------  -------------------  ----------------------
/opt/airflow/dags/movielens_processing.py                           1           0  0.16s           2024-12-12T20:09:18                      10
================================================================================
[2024-12-12T20:10:07.876+0000] {manager.py:465} INFO - Exiting gracefully upon receiving signal 15
