[2024-12-12T19:29:23.638+0000] {processor.py:186} INFO - Started process (PID=46) to work on /opt/airflow/dags/movielens_processing.py
[2024-12-12T19:29:23.639+0000] {processor.py:914} INFO - Processing file /opt/airflow/dags/movielens_processing.py for tasks to queue
[2024-12-12T19:29:23.644+0000] {logging_mixin.py:190} INFO - [2024-12-12T19:29:23.643+0000] {dagbag.py:588} INFO - Filling up the DagBag from /opt/airflow/dags/movielens_processing.py
[2024-12-12T19:29:23.922+0000] {processor.py:925} INFO - DAG(s) 'movielens_processing' retrieved from /opt/airflow/dags/movielens_processing.py
[2024-12-12T19:29:24.397+0000] {logging_mixin.py:190} INFO - [2024-12-12T19:29:24.392+0000] {override.py:1911} INFO - Created Permission View: can delete on DAG:movielens_processing
[2024-12-12T19:29:24.425+0000] {logging_mixin.py:190} INFO - [2024-12-12T19:29:24.425+0000] {override.py:1911} INFO - Created Permission View: can edit on DAG:movielens_processing
[2024-12-12T19:29:24.432+0000] {logging_mixin.py:190} INFO - [2024-12-12T19:29:24.431+0000] {override.py:1911} INFO - Created Permission View: can read on DAG:movielens_processing
[2024-12-12T19:29:24.436+0000] {logging_mixin.py:190} INFO - [2024-12-12T19:29:24.436+0000] {override.py:1911} INFO - Created Permission View: can delete on DAG Run:movielens_processing
[2024-12-12T19:29:24.440+0000] {logging_mixin.py:190} INFO - [2024-12-12T19:29:24.440+0000] {override.py:1911} INFO - Created Permission View: menu access on DAG Run:movielens_processing
[2024-12-12T19:29:24.444+0000] {logging_mixin.py:190} INFO - [2024-12-12T19:29:24.444+0000] {override.py:1911} INFO - Created Permission View: can create on DAG Run:movielens_processing
[2024-12-12T19:29:24.448+0000] {logging_mixin.py:190} INFO - [2024-12-12T19:29:24.448+0000] {override.py:1911} INFO - Created Permission View: can read on DAG Run:movielens_processing
[2024-12-12T19:29:24.448+0000] {logging_mixin.py:190} INFO - [2024-12-12T19:29:24.448+0000] {dag.py:3239} INFO - Sync 1 DAGs
[2024-12-12T19:29:24.468+0000] {logging_mixin.py:190} INFO - [2024-12-12T19:29:24.468+0000] {dag.py:3262} INFO - Creating ORM DAG for movielens_processing
[2024-12-12T19:29:24.469+0000] {logging_mixin.py:190} INFO - [2024-12-12T19:29:24.469+0000] {dag.py:4180} INFO - Setting next_dagrun for movielens_processing to None, run_after=None
[2024-12-12T19:29:24.501+0000] {processor.py:208} INFO - Processing /opt/airflow/dags/movielens_processing.py took 0.871 seconds
[2024-12-12T19:29:54.830+0000] {processor.py:186} INFO - Started process (PID=52) to work on /opt/airflow/dags/movielens_processing.py
[2024-12-12T19:29:54.831+0000] {processor.py:914} INFO - Processing file /opt/airflow/dags/movielens_processing.py for tasks to queue
[2024-12-12T19:29:54.835+0000] {logging_mixin.py:190} INFO - [2024-12-12T19:29:54.835+0000] {dagbag.py:588} INFO - Filling up the DagBag from /opt/airflow/dags/movielens_processing.py
[2024-12-12T19:29:54.997+0000] {processor.py:925} INFO - DAG(s) 'movielens_processing' retrieved from /opt/airflow/dags/movielens_processing.py
[2024-12-12T19:29:55.036+0000] {logging_mixin.py:190} INFO - [2024-12-12T19:29:55.036+0000] {dag.py:3239} INFO - Sync 1 DAGs
[2024-12-12T19:29:55.050+0000] {logging_mixin.py:190} INFO - [2024-12-12T19:29:55.049+0000] {dag.py:4180} INFO - Setting next_dagrun for movielens_processing to None, run_after=None
[2024-12-12T19:29:55.078+0000] {processor.py:208} INFO - Processing /opt/airflow/dags/movielens_processing.py took 0.265 seconds
[2024-12-12T19:30:25.196+0000] {processor.py:186} INFO - Started process (PID=59) to work on /opt/airflow/dags/movielens_processing.py
[2024-12-12T19:30:25.197+0000] {processor.py:914} INFO - Processing file /opt/airflow/dags/movielens_processing.py for tasks to queue
[2024-12-12T19:30:25.200+0000] {logging_mixin.py:190} INFO - [2024-12-12T19:30:25.200+0000] {dagbag.py:588} INFO - Filling up the DagBag from /opt/airflow/dags/movielens_processing.py
[2024-12-12T19:30:25.296+0000] {processor.py:925} INFO - DAG(s) 'movielens_processing' retrieved from /opt/airflow/dags/movielens_processing.py
[2024-12-12T19:30:25.309+0000] {logging_mixin.py:190} INFO - [2024-12-12T19:30:25.309+0000] {dag.py:3239} INFO - Sync 1 DAGs
[2024-12-12T19:30:25.315+0000] {logging_mixin.py:190} INFO - [2024-12-12T19:30:25.315+0000] {dag.py:4180} INFO - Setting next_dagrun for movielens_processing to None, run_after=None
[2024-12-12T19:30:25.322+0000] {processor.py:208} INFO - Processing /opt/airflow/dags/movielens_processing.py took 0.134 seconds
[2024-12-12T19:30:55.485+0000] {processor.py:186} INFO - Started process (PID=66) to work on /opt/airflow/dags/movielens_processing.py
[2024-12-12T19:30:55.486+0000] {processor.py:914} INFO - Processing file /opt/airflow/dags/movielens_processing.py for tasks to queue
[2024-12-12T19:30:55.488+0000] {logging_mixin.py:190} INFO - [2024-12-12T19:30:55.487+0000] {dagbag.py:588} INFO - Filling up the DagBag from /opt/airflow/dags/movielens_processing.py
[2024-12-12T19:30:55.584+0000] {processor.py:925} INFO - DAG(s) 'movielens_processing' retrieved from /opt/airflow/dags/movielens_processing.py
[2024-12-12T19:30:55.597+0000] {logging_mixin.py:190} INFO - [2024-12-12T19:30:55.597+0000] {dag.py:3239} INFO - Sync 1 DAGs
[2024-12-12T19:30:55.604+0000] {logging_mixin.py:190} INFO - [2024-12-12T19:30:55.604+0000] {dag.py:4180} INFO - Setting next_dagrun for movielens_processing to None, run_after=None
[2024-12-12T19:30:55.611+0000] {processor.py:208} INFO - Processing /opt/airflow/dags/movielens_processing.py took 0.132 seconds
[2024-12-12T19:31:25.911+0000] {processor.py:186} INFO - Started process (PID=73) to work on /opt/airflow/dags/movielens_processing.py
[2024-12-12T19:31:25.912+0000] {processor.py:914} INFO - Processing file /opt/airflow/dags/movielens_processing.py for tasks to queue
[2024-12-12T19:31:25.914+0000] {logging_mixin.py:190} INFO - [2024-12-12T19:31:25.914+0000] {dagbag.py:588} INFO - Filling up the DagBag from /opt/airflow/dags/movielens_processing.py
[2024-12-12T19:31:26.018+0000] {processor.py:925} INFO - DAG(s) 'movielens_processing' retrieved from /opt/airflow/dags/movielens_processing.py
[2024-12-12T19:31:26.031+0000] {logging_mixin.py:190} INFO - [2024-12-12T19:31:26.031+0000] {dag.py:3239} INFO - Sync 1 DAGs
[2024-12-12T19:31:26.042+0000] {logging_mixin.py:190} INFO - [2024-12-12T19:31:26.042+0000] {dag.py:4180} INFO - Setting next_dagrun for movielens_processing to None, run_after=None
[2024-12-12T19:31:26.049+0000] {processor.py:208} INFO - Processing /opt/airflow/dags/movielens_processing.py took 0.145 seconds
[2024-12-12T19:31:56.205+0000] {processor.py:186} INFO - Started process (PID=80) to work on /opt/airflow/dags/movielens_processing.py
[2024-12-12T19:31:56.207+0000] {processor.py:914} INFO - Processing file /opt/airflow/dags/movielens_processing.py for tasks to queue
[2024-12-12T19:31:56.209+0000] {logging_mixin.py:190} INFO - [2024-12-12T19:31:56.209+0000] {dagbag.py:588} INFO - Filling up the DagBag from /opt/airflow/dags/movielens_processing.py
[2024-12-12T19:31:56.311+0000] {processor.py:925} INFO - DAG(s) 'movielens_processing' retrieved from /opt/airflow/dags/movielens_processing.py
[2024-12-12T19:31:56.322+0000] {logging_mixin.py:190} INFO - [2024-12-12T19:31:56.322+0000] {dag.py:3239} INFO - Sync 1 DAGs
[2024-12-12T19:31:56.329+0000] {logging_mixin.py:190} INFO - [2024-12-12T19:31:56.328+0000] {dag.py:4180} INFO - Setting next_dagrun for movielens_processing to None, run_after=None
[2024-12-12T19:31:56.335+0000] {processor.py:208} INFO - Processing /opt/airflow/dags/movielens_processing.py took 0.139 seconds
[2024-12-12T19:32:26.632+0000] {processor.py:186} INFO - Started process (PID=87) to work on /opt/airflow/dags/movielens_processing.py
[2024-12-12T19:32:26.633+0000] {processor.py:914} INFO - Processing file /opt/airflow/dags/movielens_processing.py for tasks to queue
[2024-12-12T19:32:26.635+0000] {logging_mixin.py:190} INFO - [2024-12-12T19:32:26.635+0000] {dagbag.py:588} INFO - Filling up the DagBag from /opt/airflow/dags/movielens_processing.py
[2024-12-12T19:32:26.720+0000] {processor.py:925} INFO - DAG(s) 'movielens_processing' retrieved from /opt/airflow/dags/movielens_processing.py
[2024-12-12T19:32:26.731+0000] {logging_mixin.py:190} INFO - [2024-12-12T19:32:26.731+0000] {dag.py:3239} INFO - Sync 1 DAGs
[2024-12-12T19:32:26.737+0000] {logging_mixin.py:190} INFO - [2024-12-12T19:32:26.737+0000] {dag.py:4180} INFO - Setting next_dagrun for movielens_processing to None, run_after=None
[2024-12-12T19:32:26.744+0000] {processor.py:208} INFO - Processing /opt/airflow/dags/movielens_processing.py took 0.119 seconds
[2024-12-12T19:32:56.939+0000] {processor.py:186} INFO - Started process (PID=94) to work on /opt/airflow/dags/movielens_processing.py
[2024-12-12T19:32:56.940+0000] {processor.py:914} INFO - Processing file /opt/airflow/dags/movielens_processing.py for tasks to queue
[2024-12-12T19:32:56.942+0000] {logging_mixin.py:190} INFO - [2024-12-12T19:32:56.942+0000] {dagbag.py:588} INFO - Filling up the DagBag from /opt/airflow/dags/movielens_processing.py
[2024-12-12T19:32:57.029+0000] {processor.py:925} INFO - DAG(s) 'movielens_processing' retrieved from /opt/airflow/dags/movielens_processing.py
[2024-12-12T19:32:57.041+0000] {logging_mixin.py:190} INFO - [2024-12-12T19:32:57.041+0000] {dag.py:3239} INFO - Sync 1 DAGs
[2024-12-12T19:32:57.047+0000] {logging_mixin.py:190} INFO - [2024-12-12T19:32:57.047+0000] {dag.py:4180} INFO - Setting next_dagrun for movielens_processing to None, run_after=None
[2024-12-12T19:32:57.054+0000] {processor.py:208} INFO - Processing /opt/airflow/dags/movielens_processing.py took 0.123 seconds
[2024-12-12T19:33:27.357+0000] {processor.py:186} INFO - Started process (PID=101) to work on /opt/airflow/dags/movielens_processing.py
[2024-12-12T19:33:27.358+0000] {processor.py:914} INFO - Processing file /opt/airflow/dags/movielens_processing.py for tasks to queue
[2024-12-12T19:33:27.360+0000] {logging_mixin.py:190} INFO - [2024-12-12T19:33:27.360+0000] {dagbag.py:588} INFO - Filling up the DagBag from /opt/airflow/dags/movielens_processing.py
[2024-12-12T19:33:27.446+0000] {processor.py:925} INFO - DAG(s) 'movielens_processing' retrieved from /opt/airflow/dags/movielens_processing.py
[2024-12-12T19:33:27.460+0000] {logging_mixin.py:190} INFO - [2024-12-12T19:33:27.460+0000] {dag.py:3239} INFO - Sync 1 DAGs
[2024-12-12T19:33:27.467+0000] {logging_mixin.py:190} INFO - [2024-12-12T19:33:27.467+0000] {dag.py:4180} INFO - Setting next_dagrun for movielens_processing to None, run_after=None
[2024-12-12T19:33:27.474+0000] {processor.py:208} INFO - Processing /opt/airflow/dags/movielens_processing.py took 0.125 seconds
[2024-12-12T19:33:57.672+0000] {processor.py:186} INFO - Started process (PID=108) to work on /opt/airflow/dags/movielens_processing.py
[2024-12-12T19:33:57.673+0000] {processor.py:914} INFO - Processing file /opt/airflow/dags/movielens_processing.py for tasks to queue
[2024-12-12T19:33:57.675+0000] {logging_mixin.py:190} INFO - [2024-12-12T19:33:57.675+0000] {dagbag.py:588} INFO - Filling up the DagBag from /opt/airflow/dags/movielens_processing.py
[2024-12-12T19:33:57.776+0000] {processor.py:925} INFO - DAG(s) 'movielens_processing' retrieved from /opt/airflow/dags/movielens_processing.py
[2024-12-12T19:33:57.789+0000] {logging_mixin.py:190} INFO - [2024-12-12T19:33:57.789+0000] {dag.py:3239} INFO - Sync 1 DAGs
[2024-12-12T19:33:57.795+0000] {logging_mixin.py:190} INFO - [2024-12-12T19:33:57.795+0000] {dag.py:4180} INFO - Setting next_dagrun for movielens_processing to None, run_after=None
[2024-12-12T19:33:57.801+0000] {processor.py:208} INFO - Processing /opt/airflow/dags/movielens_processing.py took 0.137 seconds
[2024-12-12T19:34:28.132+0000] {processor.py:186} INFO - Started process (PID=121) to work on /opt/airflow/dags/movielens_processing.py
[2024-12-12T19:34:28.133+0000] {processor.py:914} INFO - Processing file /opt/airflow/dags/movielens_processing.py for tasks to queue
[2024-12-12T19:34:28.136+0000] {logging_mixin.py:190} INFO - [2024-12-12T19:34:28.136+0000] {dagbag.py:588} INFO - Filling up the DagBag from /opt/airflow/dags/movielens_processing.py
[2024-12-12T19:34:28.227+0000] {processor.py:925} INFO - DAG(s) 'movielens_processing' retrieved from /opt/airflow/dags/movielens_processing.py
[2024-12-12T19:34:28.241+0000] {logging_mixin.py:190} INFO - [2024-12-12T19:34:28.241+0000] {dag.py:3239} INFO - Sync 1 DAGs
[2024-12-12T19:34:28.248+0000] {logging_mixin.py:190} INFO - [2024-12-12T19:34:28.248+0000] {dag.py:4180} INFO - Setting next_dagrun for movielens_processing to None, run_after=None
[2024-12-12T19:34:28.255+0000] {processor.py:208} INFO - Processing /opt/airflow/dags/movielens_processing.py took 0.131 seconds
[2024-12-12T19:34:58.479+0000] {processor.py:186} INFO - Started process (PID=128) to work on /opt/airflow/dags/movielens_processing.py
[2024-12-12T19:34:58.480+0000] {processor.py:914} INFO - Processing file /opt/airflow/dags/movielens_processing.py for tasks to queue
[2024-12-12T19:34:58.483+0000] {logging_mixin.py:190} INFO - [2024-12-12T19:34:58.482+0000] {dagbag.py:588} INFO - Filling up the DagBag from /opt/airflow/dags/movielens_processing.py
[2024-12-12T19:34:58.567+0000] {processor.py:925} INFO - DAG(s) 'movielens_processing' retrieved from /opt/airflow/dags/movielens_processing.py
[2024-12-12T19:34:58.580+0000] {logging_mixin.py:190} INFO - [2024-12-12T19:34:58.580+0000] {dag.py:3239} INFO - Sync 1 DAGs
[2024-12-12T19:34:58.587+0000] {logging_mixin.py:190} INFO - [2024-12-12T19:34:58.587+0000] {dag.py:4180} INFO - Setting next_dagrun for movielens_processing to None, run_after=None
[2024-12-12T19:34:58.594+0000] {processor.py:208} INFO - Processing /opt/airflow/dags/movielens_processing.py took 0.124 seconds
[2024-12-12T19:35:28.839+0000] {processor.py:186} INFO - Started process (PID=135) to work on /opt/airflow/dags/movielens_processing.py
[2024-12-12T19:35:28.840+0000] {processor.py:914} INFO - Processing file /opt/airflow/dags/movielens_processing.py for tasks to queue
[2024-12-12T19:35:28.842+0000] {logging_mixin.py:190} INFO - [2024-12-12T19:35:28.842+0000] {dagbag.py:588} INFO - Filling up the DagBag from /opt/airflow/dags/movielens_processing.py
[2024-12-12T19:35:28.926+0000] {processor.py:925} INFO - DAG(s) 'movielens_processing' retrieved from /opt/airflow/dags/movielens_processing.py
[2024-12-12T19:35:28.937+0000] {logging_mixin.py:190} INFO - [2024-12-12T19:35:28.937+0000] {dag.py:3239} INFO - Sync 1 DAGs
[2024-12-12T19:35:28.943+0000] {logging_mixin.py:190} INFO - [2024-12-12T19:35:28.943+0000] {dag.py:4180} INFO - Setting next_dagrun for movielens_processing to None, run_after=None
[2024-12-12T19:35:28.950+0000] {processor.py:208} INFO - Processing /opt/airflow/dags/movielens_processing.py took 0.118 seconds
[2024-12-12T19:35:59.143+0000] {processor.py:186} INFO - Started process (PID=142) to work on /opt/airflow/dags/movielens_processing.py
[2024-12-12T19:35:59.145+0000] {processor.py:914} INFO - Processing file /opt/airflow/dags/movielens_processing.py for tasks to queue
[2024-12-12T19:35:59.149+0000] {logging_mixin.py:190} INFO - [2024-12-12T19:35:59.148+0000] {dagbag.py:588} INFO - Filling up the DagBag from /opt/airflow/dags/movielens_processing.py
[2024-12-12T19:35:59.235+0000] {processor.py:925} INFO - DAG(s) 'movielens_processing' retrieved from /opt/airflow/dags/movielens_processing.py
[2024-12-12T19:35:59.248+0000] {logging_mixin.py:190} INFO - [2024-12-12T19:35:59.248+0000] {dag.py:3239} INFO - Sync 1 DAGs
[2024-12-12T19:35:59.255+0000] {logging_mixin.py:190} INFO - [2024-12-12T19:35:59.255+0000] {dag.py:4180} INFO - Setting next_dagrun for movielens_processing to None, run_after=None
[2024-12-12T19:35:59.263+0000] {processor.py:208} INFO - Processing /opt/airflow/dags/movielens_processing.py took 0.129 seconds
[2024-12-12T19:36:29.577+0000] {processor.py:186} INFO - Started process (PID=149) to work on /opt/airflow/dags/movielens_processing.py
[2024-12-12T19:36:29.578+0000] {processor.py:914} INFO - Processing file /opt/airflow/dags/movielens_processing.py for tasks to queue
[2024-12-12T19:36:29.581+0000] {logging_mixin.py:190} INFO - [2024-12-12T19:36:29.581+0000] {dagbag.py:588} INFO - Filling up the DagBag from /opt/airflow/dags/movielens_processing.py
[2024-12-12T19:36:29.676+0000] {processor.py:925} INFO - DAG(s) 'movielens_processing' retrieved from /opt/airflow/dags/movielens_processing.py
[2024-12-12T19:36:29.689+0000] {logging_mixin.py:190} INFO - [2024-12-12T19:36:29.689+0000] {dag.py:3239} INFO - Sync 1 DAGs
[2024-12-12T19:36:29.696+0000] {logging_mixin.py:190} INFO - [2024-12-12T19:36:29.696+0000] {dag.py:4180} INFO - Setting next_dagrun for movielens_processing to None, run_after=None
[2024-12-12T19:36:29.703+0000] {processor.py:208} INFO - Processing /opt/airflow/dags/movielens_processing.py took 0.133 seconds
[2024-12-12T19:36:59.953+0000] {processor.py:186} INFO - Started process (PID=156) to work on /opt/airflow/dags/movielens_processing.py
[2024-12-12T19:36:59.954+0000] {processor.py:914} INFO - Processing file /opt/airflow/dags/movielens_processing.py for tasks to queue
[2024-12-12T19:36:59.957+0000] {logging_mixin.py:190} INFO - [2024-12-12T19:36:59.956+0000] {dagbag.py:588} INFO - Filling up the DagBag from /opt/airflow/dags/movielens_processing.py
[2024-12-12T19:37:00.057+0000] {processor.py:925} INFO - DAG(s) 'movielens_processing' retrieved from /opt/airflow/dags/movielens_processing.py
[2024-12-12T19:37:00.069+0000] {logging_mixin.py:190} INFO - [2024-12-12T19:37:00.069+0000] {dag.py:3239} INFO - Sync 1 DAGs
[2024-12-12T19:37:00.075+0000] {logging_mixin.py:190} INFO - [2024-12-12T19:37:00.075+0000] {dag.py:4180} INFO - Setting next_dagrun for movielens_processing to None, run_after=None
[2024-12-12T19:37:00.082+0000] {processor.py:208} INFO - Processing /opt/airflow/dags/movielens_processing.py took 0.137 seconds
[2024-12-12T19:37:30.353+0000] {processor.py:186} INFO - Started process (PID=163) to work on /opt/airflow/dags/movielens_processing.py
[2024-12-12T19:37:30.354+0000] {processor.py:914} INFO - Processing file /opt/airflow/dags/movielens_processing.py for tasks to queue
[2024-12-12T19:37:30.357+0000] {logging_mixin.py:190} INFO - [2024-12-12T19:37:30.356+0000] {dagbag.py:588} INFO - Filling up the DagBag from /opt/airflow/dags/movielens_processing.py
[2024-12-12T19:37:30.458+0000] {processor.py:925} INFO - DAG(s) 'movielens_processing' retrieved from /opt/airflow/dags/movielens_processing.py
[2024-12-12T19:37:30.471+0000] {logging_mixin.py:190} INFO - [2024-12-12T19:37:30.471+0000] {dag.py:3239} INFO - Sync 1 DAGs
[2024-12-12T19:37:30.477+0000] {logging_mixin.py:190} INFO - [2024-12-12T19:37:30.477+0000] {dag.py:4180} INFO - Setting next_dagrun for movielens_processing to None, run_after=None
[2024-12-12T19:37:30.484+0000] {processor.py:208} INFO - Processing /opt/airflow/dags/movielens_processing.py took 0.138 seconds
[2024-12-12T19:38:00.690+0000] {processor.py:186} INFO - Started process (PID=170) to work on /opt/airflow/dags/movielens_processing.py
[2024-12-12T19:38:00.691+0000] {processor.py:914} INFO - Processing file /opt/airflow/dags/movielens_processing.py for tasks to queue
[2024-12-12T19:38:00.697+0000] {logging_mixin.py:190} INFO - [2024-12-12T19:38:00.697+0000] {dagbag.py:588} INFO - Filling up the DagBag from /opt/airflow/dags/movielens_processing.py
[2024-12-12T19:38:00.803+0000] {processor.py:925} INFO - DAG(s) 'movielens_processing' retrieved from /opt/airflow/dags/movielens_processing.py
[2024-12-12T19:38:00.817+0000] {logging_mixin.py:190} INFO - [2024-12-12T19:38:00.817+0000] {dag.py:3239} INFO - Sync 1 DAGs
[2024-12-12T19:38:00.823+0000] {logging_mixin.py:190} INFO - [2024-12-12T19:38:00.823+0000] {dag.py:4180} INFO - Setting next_dagrun for movielens_processing to None, run_after=None
[2024-12-12T19:38:00.832+0000] {processor.py:208} INFO - Processing /opt/airflow/dags/movielens_processing.py took 0.155 seconds
[2024-12-12T19:38:31.097+0000] {processor.py:186} INFO - Started process (PID=177) to work on /opt/airflow/dags/movielens_processing.py
[2024-12-12T19:38:31.098+0000] {processor.py:914} INFO - Processing file /opt/airflow/dags/movielens_processing.py for tasks to queue
[2024-12-12T19:38:31.100+0000] {logging_mixin.py:190} INFO - [2024-12-12T19:38:31.099+0000] {dagbag.py:588} INFO - Filling up the DagBag from /opt/airflow/dags/movielens_processing.py
[2024-12-12T19:38:31.205+0000] {processor.py:925} INFO - DAG(s) 'movielens_processing' retrieved from /opt/airflow/dags/movielens_processing.py
[2024-12-12T19:38:31.218+0000] {logging_mixin.py:190} INFO - [2024-12-12T19:38:31.218+0000] {dag.py:3239} INFO - Sync 1 DAGs
[2024-12-12T19:38:31.225+0000] {logging_mixin.py:190} INFO - [2024-12-12T19:38:31.224+0000] {dag.py:4180} INFO - Setting next_dagrun for movielens_processing to None, run_after=None
[2024-12-12T19:38:31.232+0000] {processor.py:208} INFO - Processing /opt/airflow/dags/movielens_processing.py took 0.143 seconds
[2024-12-12T19:39:01.437+0000] {processor.py:186} INFO - Started process (PID=184) to work on /opt/airflow/dags/movielens_processing.py
[2024-12-12T19:39:01.438+0000] {processor.py:914} INFO - Processing file /opt/airflow/dags/movielens_processing.py for tasks to queue
[2024-12-12T19:39:01.442+0000] {logging_mixin.py:190} INFO - [2024-12-12T19:39:01.442+0000] {dagbag.py:588} INFO - Filling up the DagBag from /opt/airflow/dags/movielens_processing.py
[2024-12-12T19:39:01.568+0000] {processor.py:925} INFO - DAG(s) 'movielens_processing' retrieved from /opt/airflow/dags/movielens_processing.py
[2024-12-12T19:39:01.588+0000] {logging_mixin.py:190} INFO - [2024-12-12T19:39:01.588+0000] {dag.py:3239} INFO - Sync 1 DAGs
[2024-12-12T19:39:01.600+0000] {logging_mixin.py:190} INFO - [2024-12-12T19:39:01.600+0000] {dag.py:4180} INFO - Setting next_dagrun for movielens_processing to None, run_after=None
[2024-12-12T19:39:01.615+0000] {processor.py:208} INFO - Processing /opt/airflow/dags/movielens_processing.py took 0.194 seconds
[2024-12-12T19:40:06.143+0000] {processor.py:186} INFO - Started process (PID=185) to work on /opt/airflow/dags/movielens_processing.py
[2024-12-12T19:40:06.143+0000] {processor.py:914} INFO - Processing file /opt/airflow/dags/movielens_processing.py for tasks to queue
[2024-12-12T19:40:06.146+0000] {logging_mixin.py:190} INFO - [2024-12-12T19:40:06.145+0000] {dagbag.py:588} INFO - Filling up the DagBag from /opt/airflow/dags/movielens_processing.py
[2024-12-12T19:40:06.224+0000] {processor.py:925} INFO - DAG(s) 'movielens_processing' retrieved from /opt/airflow/dags/movielens_processing.py
[2024-12-12T19:40:06.238+0000] {logging_mixin.py:190} INFO - [2024-12-12T19:40:06.237+0000] {dag.py:3239} INFO - Sync 1 DAGs
[2024-12-12T19:40:06.247+0000] {logging_mixin.py:190} INFO - [2024-12-12T19:40:06.247+0000] {dag.py:4180} INFO - Setting next_dagrun for movielens_processing to None, run_after=None
[2024-12-12T19:40:06.257+0000] {processor.py:208} INFO - Processing /opt/airflow/dags/movielens_processing.py took 0.121 seconds
[2024-12-12T19:40:36.466+0000] {processor.py:186} INFO - Started process (PID=192) to work on /opt/airflow/dags/movielens_processing.py
[2024-12-12T19:40:36.467+0000] {processor.py:914} INFO - Processing file /opt/airflow/dags/movielens_processing.py for tasks to queue
[2024-12-12T19:40:36.471+0000] {logging_mixin.py:190} INFO - [2024-12-12T19:40:36.470+0000] {dagbag.py:588} INFO - Filling up the DagBag from /opt/airflow/dags/movielens_processing.py
[2024-12-12T19:40:36.570+0000] {processor.py:925} INFO - DAG(s) 'movielens_processing' retrieved from /opt/airflow/dags/movielens_processing.py
[2024-12-12T19:40:36.586+0000] {logging_mixin.py:190} INFO - [2024-12-12T19:40:36.586+0000] {dag.py:3239} INFO - Sync 1 DAGs
[2024-12-12T19:40:36.594+0000] {logging_mixin.py:190} INFO - [2024-12-12T19:40:36.594+0000] {dag.py:4180} INFO - Setting next_dagrun for movielens_processing to None, run_after=None
[2024-12-12T19:40:36.603+0000] {processor.py:208} INFO - Processing /opt/airflow/dags/movielens_processing.py took 0.148 seconds
[2024-12-12T19:41:06.869+0000] {processor.py:186} INFO - Started process (PID=199) to work on /opt/airflow/dags/movielens_processing.py
[2024-12-12T19:41:06.870+0000] {processor.py:914} INFO - Processing file /opt/airflow/dags/movielens_processing.py for tasks to queue
[2024-12-12T19:41:06.874+0000] {logging_mixin.py:190} INFO - [2024-12-12T19:41:06.873+0000] {dagbag.py:588} INFO - Filling up the DagBag from /opt/airflow/dags/movielens_processing.py
[2024-12-12T19:41:06.993+0000] {processor.py:925} INFO - DAG(s) 'movielens_processing' retrieved from /opt/airflow/dags/movielens_processing.py
[2024-12-12T19:41:07.012+0000] {logging_mixin.py:190} INFO - [2024-12-12T19:41:07.012+0000] {dag.py:3239} INFO - Sync 1 DAGs
[2024-12-12T19:41:07.020+0000] {logging_mixin.py:190} INFO - [2024-12-12T19:41:07.020+0000] {dag.py:4180} INFO - Setting next_dagrun for movielens_processing to None, run_after=None
[2024-12-12T19:41:07.029+0000] {processor.py:208} INFO - Processing /opt/airflow/dags/movielens_processing.py took 0.173 seconds
[2024-12-12T19:53:50.267+0000] {processor.py:186} INFO - Started process (PID=46) to work on /opt/airflow/dags/movielens_processing.py
[2024-12-12T19:53:50.270+0000] {processor.py:914} INFO - Processing file /opt/airflow/dags/movielens_processing.py for tasks to queue
[2024-12-12T19:53:50.272+0000] {logging_mixin.py:190} INFO - [2024-12-12T19:53:50.272+0000] {dagbag.py:588} INFO - Filling up the DagBag from /opt/airflow/dags/movielens_processing.py
[2024-12-12T19:53:50.583+0000] {processor.py:925} INFO - DAG(s) 'movielens_processing' retrieved from /opt/airflow/dags/movielens_processing.py
[2024-12-12T19:53:51.168+0000] {logging_mixin.py:190} INFO - [2024-12-12T19:53:51.168+0000] {dag.py:3239} INFO - Sync 1 DAGs
[2024-12-12T19:53:51.210+0000] {logging_mixin.py:190} INFO - [2024-12-12T19:53:51.210+0000] {dag.py:4180} INFO - Setting next_dagrun for movielens_processing to None, run_after=None
[2024-12-12T19:53:51.298+0000] {processor.py:208} INFO - Processing /opt/airflow/dags/movielens_processing.py took 1.037 seconds
[2024-12-12T19:54:21.622+0000] {processor.py:186} INFO - Started process (PID=53) to work on /opt/airflow/dags/movielens_processing.py
[2024-12-12T19:54:21.623+0000] {processor.py:914} INFO - Processing file /opt/airflow/dags/movielens_processing.py for tasks to queue
[2024-12-12T19:54:21.628+0000] {logging_mixin.py:190} INFO - [2024-12-12T19:54:21.628+0000] {dagbag.py:588} INFO - Filling up the DagBag from /opt/airflow/dags/movielens_processing.py
[2024-12-12T19:54:21.824+0000] {processor.py:925} INFO - DAG(s) 'movielens_processing' retrieved from /opt/airflow/dags/movielens_processing.py
[2024-12-12T19:54:21.851+0000] {logging_mixin.py:190} INFO - [2024-12-12T19:54:21.851+0000] {dag.py:3239} INFO - Sync 1 DAGs
[2024-12-12T19:54:21.871+0000] {logging_mixin.py:190} INFO - [2024-12-12T19:54:21.871+0000] {dag.py:4180} INFO - Setting next_dagrun for movielens_processing to None, run_after=None
[2024-12-12T19:54:21.892+0000] {processor.py:208} INFO - Processing /opt/airflow/dags/movielens_processing.py took 0.286 seconds
[2024-12-12T19:54:52.143+0000] {processor.py:186} INFO - Started process (PID=60) to work on /opt/airflow/dags/movielens_processing.py
[2024-12-12T19:54:52.144+0000] {processor.py:914} INFO - Processing file /opt/airflow/dags/movielens_processing.py for tasks to queue
[2024-12-12T19:54:52.148+0000] {logging_mixin.py:190} INFO - [2024-12-12T19:54:52.148+0000] {dagbag.py:588} INFO - Filling up the DagBag from /opt/airflow/dags/movielens_processing.py
[2024-12-12T19:54:52.297+0000] {processor.py:925} INFO - DAG(s) 'movielens_processing' retrieved from /opt/airflow/dags/movielens_processing.py
[2024-12-12T19:54:52.317+0000] {logging_mixin.py:190} INFO - [2024-12-12T19:54:52.317+0000] {dag.py:3239} INFO - Sync 1 DAGs
[2024-12-12T19:54:52.326+0000] {logging_mixin.py:190} INFO - [2024-12-12T19:54:52.326+0000] {dag.py:4180} INFO - Setting next_dagrun for movielens_processing to None, run_after=None
[2024-12-12T19:54:52.339+0000] {processor.py:208} INFO - Processing /opt/airflow/dags/movielens_processing.py took 0.207 seconds
[2024-12-12T19:55:22.402+0000] {processor.py:186} INFO - Started process (PID=67) to work on /opt/airflow/dags/movielens_processing.py
[2024-12-12T19:55:22.403+0000] {processor.py:914} INFO - Processing file /opt/airflow/dags/movielens_processing.py for tasks to queue
[2024-12-12T19:55:22.405+0000] {logging_mixin.py:190} INFO - [2024-12-12T19:55:22.405+0000] {dagbag.py:588} INFO - Filling up the DagBag from /opt/airflow/dags/movielens_processing.py
[2024-12-12T19:55:22.508+0000] {processor.py:925} INFO - DAG(s) 'movielens_processing' retrieved from /opt/airflow/dags/movielens_processing.py
[2024-12-12T19:55:22.523+0000] {logging_mixin.py:190} INFO - [2024-12-12T19:55:22.523+0000] {dag.py:3239} INFO - Sync 1 DAGs
[2024-12-12T19:55:22.530+0000] {logging_mixin.py:190} INFO - [2024-12-12T19:55:22.529+0000] {dag.py:4180} INFO - Setting next_dagrun for movielens_processing to None, run_after=None
[2024-12-12T19:55:22.537+0000] {processor.py:208} INFO - Processing /opt/airflow/dags/movielens_processing.py took 0.143 seconds
[2024-12-12T19:55:52.701+0000] {processor.py:186} INFO - Started process (PID=74) to work on /opt/airflow/dags/movielens_processing.py
[2024-12-12T19:55:52.702+0000] {processor.py:914} INFO - Processing file /opt/airflow/dags/movielens_processing.py for tasks to queue
[2024-12-12T19:55:52.705+0000] {logging_mixin.py:190} INFO - [2024-12-12T19:55:52.705+0000] {dagbag.py:588} INFO - Filling up the DagBag from /opt/airflow/dags/movielens_processing.py
[2024-12-12T19:55:52.814+0000] {processor.py:925} INFO - DAG(s) 'movielens_processing' retrieved from /opt/airflow/dags/movielens_processing.py
[2024-12-12T19:55:52.830+0000] {logging_mixin.py:190} INFO - [2024-12-12T19:55:52.830+0000] {dag.py:3239} INFO - Sync 1 DAGs
[2024-12-12T19:55:52.837+0000] {logging_mixin.py:190} INFO - [2024-12-12T19:55:52.837+0000] {dag.py:4180} INFO - Setting next_dagrun for movielens_processing to None, run_after=None
[2024-12-12T19:55:52.845+0000] {processor.py:208} INFO - Processing /opt/airflow/dags/movielens_processing.py took 0.154 seconds
[2024-12-12T19:56:23.070+0000] {processor.py:186} INFO - Started process (PID=81) to work on /opt/airflow/dags/movielens_processing.py
[2024-12-12T19:56:23.072+0000] {processor.py:914} INFO - Processing file /opt/airflow/dags/movielens_processing.py for tasks to queue
[2024-12-12T19:56:23.076+0000] {logging_mixin.py:190} INFO - [2024-12-12T19:56:23.075+0000] {dagbag.py:588} INFO - Filling up the DagBag from /opt/airflow/dags/movielens_processing.py
[2024-12-12T19:56:23.188+0000] {processor.py:925} INFO - DAG(s) 'movielens_processing' retrieved from /opt/airflow/dags/movielens_processing.py
[2024-12-12T19:56:23.206+0000] {logging_mixin.py:190} INFO - [2024-12-12T19:56:23.206+0000] {dag.py:3239} INFO - Sync 1 DAGs
[2024-12-12T19:56:23.215+0000] {logging_mixin.py:190} INFO - [2024-12-12T19:56:23.214+0000] {dag.py:4180} INFO - Setting next_dagrun for movielens_processing to None, run_after=None
[2024-12-12T19:56:23.223+0000] {processor.py:208} INFO - Processing /opt/airflow/dags/movielens_processing.py took 0.164 seconds
[2024-12-12T19:56:26.290+0000] {processor.py:186} INFO - Started process (PID=88) to work on /opt/airflow/dags/movielens_processing.py
[2024-12-12T19:56:26.291+0000] {processor.py:914} INFO - Processing file /opt/airflow/dags/movielens_processing.py for tasks to queue
[2024-12-12T19:56:26.294+0000] {logging_mixin.py:190} INFO - [2024-12-12T19:56:26.293+0000] {dagbag.py:588} INFO - Filling up the DagBag from /opt/airflow/dags/movielens_processing.py
[2024-12-12T19:56:26.384+0000] {processor.py:925} INFO - DAG(s) 'movielens_processing' retrieved from /opt/airflow/dags/movielens_processing.py
[2024-12-12T19:56:26.400+0000] {logging_mixin.py:190} INFO - [2024-12-12T19:56:26.400+0000] {dag.py:3239} INFO - Sync 1 DAGs
[2024-12-12T19:56:26.409+0000] {logging_mixin.py:190} INFO - [2024-12-12T19:56:26.408+0000] {dag.py:4180} INFO - Setting next_dagrun for movielens_processing to None, run_after=None
[2024-12-12T19:56:26.420+0000] {processor.py:208} INFO - Processing /opt/airflow/dags/movielens_processing.py took 0.140 seconds
[2024-12-12T19:56:29.328+0000] {processor.py:186} INFO - Started process (PID=89) to work on /opt/airflow/dags/movielens_processing.py
[2024-12-12T19:56:29.329+0000] {processor.py:914} INFO - Processing file /opt/airflow/dags/movielens_processing.py for tasks to queue
[2024-12-12T19:56:29.332+0000] {logging_mixin.py:190} INFO - [2024-12-12T19:56:29.332+0000] {dagbag.py:588} INFO - Filling up the DagBag from /opt/airflow/dags/movielens_processing.py
[2024-12-12T19:56:29.424+0000] {processor.py:925} INFO - DAG(s) 'movielens_processing' retrieved from /opt/airflow/dags/movielens_processing.py
[2024-12-12T19:56:29.438+0000] {logging_mixin.py:190} INFO - [2024-12-12T19:56:29.438+0000] {dag.py:3239} INFO - Sync 1 DAGs
[2024-12-12T19:56:29.446+0000] {logging_mixin.py:190} INFO - [2024-12-12T19:56:29.445+0000] {dag.py:4180} INFO - Setting next_dagrun for movielens_processing to None, run_after=None
[2024-12-12T19:56:29.456+0000] {processor.py:208} INFO - Processing /opt/airflow/dags/movielens_processing.py took 0.137 seconds
[2024-12-12T19:56:59.775+0000] {processor.py:186} INFO - Started process (PID=96) to work on /opt/airflow/dags/movielens_processing.py
[2024-12-12T19:56:59.776+0000] {processor.py:914} INFO - Processing file /opt/airflow/dags/movielens_processing.py for tasks to queue
[2024-12-12T19:56:59.779+0000] {logging_mixin.py:190} INFO - [2024-12-12T19:56:59.779+0000] {dagbag.py:588} INFO - Filling up the DagBag from /opt/airflow/dags/movielens_processing.py
[2024-12-12T19:56:59.880+0000] {processor.py:925} INFO - DAG(s) 'movielens_processing' retrieved from /opt/airflow/dags/movielens_processing.py
[2024-12-12T19:56:59.899+0000] {logging_mixin.py:190} INFO - [2024-12-12T19:56:59.899+0000] {dag.py:3239} INFO - Sync 1 DAGs
[2024-12-12T19:56:59.907+0000] {logging_mixin.py:190} INFO - [2024-12-12T19:56:59.907+0000] {dag.py:4180} INFO - Setting next_dagrun for movielens_processing to None, run_after=None
[2024-12-12T19:56:59.916+0000] {processor.py:208} INFO - Processing /opt/airflow/dags/movielens_processing.py took 0.149 seconds
[2024-12-12T19:57:30.068+0000] {processor.py:186} INFO - Started process (PID=103) to work on /opt/airflow/dags/movielens_processing.py
[2024-12-12T19:57:30.070+0000] {processor.py:914} INFO - Processing file /opt/airflow/dags/movielens_processing.py for tasks to queue
[2024-12-12T19:57:30.073+0000] {logging_mixin.py:190} INFO - [2024-12-12T19:57:30.073+0000] {dagbag.py:588} INFO - Filling up the DagBag from /opt/airflow/dags/movielens_processing.py
[2024-12-12T19:57:30.194+0000] {processor.py:925} INFO - DAG(s) 'movielens_processing' retrieved from /opt/airflow/dags/movielens_processing.py
[2024-12-12T19:57:30.212+0000] {logging_mixin.py:190} INFO - [2024-12-12T19:57:30.212+0000] {dag.py:3239} INFO - Sync 1 DAGs
[2024-12-12T19:57:30.243+0000] {logging_mixin.py:190} INFO - [2024-12-12T19:57:30.243+0000] {dag.py:4180} INFO - Setting next_dagrun for movielens_processing to None, run_after=None
[2024-12-12T19:57:30.256+0000] {processor.py:208} INFO - Processing /opt/airflow/dags/movielens_processing.py took 0.198 seconds
[2024-12-12T19:58:00.456+0000] {processor.py:186} INFO - Started process (PID=110) to work on /opt/airflow/dags/movielens_processing.py
[2024-12-12T19:58:00.458+0000] {processor.py:914} INFO - Processing file /opt/airflow/dags/movielens_processing.py for tasks to queue
[2024-12-12T19:58:00.462+0000] {logging_mixin.py:190} INFO - [2024-12-12T19:58:00.461+0000] {dagbag.py:588} INFO - Filling up the DagBag from /opt/airflow/dags/movielens_processing.py
[2024-12-12T19:58:00.572+0000] {processor.py:925} INFO - DAG(s) 'movielens_processing' retrieved from /opt/airflow/dags/movielens_processing.py
[2024-12-12T19:58:00.589+0000] {logging_mixin.py:190} INFO - [2024-12-12T19:58:00.589+0000] {dag.py:3239} INFO - Sync 1 DAGs
[2024-12-12T19:58:00.596+0000] {logging_mixin.py:190} INFO - [2024-12-12T19:58:00.596+0000] {dag.py:4180} INFO - Setting next_dagrun for movielens_processing to None, run_after=None
[2024-12-12T19:58:00.605+0000] {processor.py:208} INFO - Processing /opt/airflow/dags/movielens_processing.py took 0.158 seconds
[2024-12-12T19:58:30.752+0000] {processor.py:186} INFO - Started process (PID=117) to work on /opt/airflow/dags/movielens_processing.py
[2024-12-12T19:58:30.753+0000] {processor.py:914} INFO - Processing file /opt/airflow/dags/movielens_processing.py for tasks to queue
[2024-12-12T19:58:30.756+0000] {logging_mixin.py:190} INFO - [2024-12-12T19:58:30.756+0000] {dagbag.py:588} INFO - Filling up the DagBag from /opt/airflow/dags/movielens_processing.py
[2024-12-12T19:58:30.865+0000] {processor.py:925} INFO - DAG(s) 'movielens_processing' retrieved from /opt/airflow/dags/movielens_processing.py
[2024-12-12T19:58:30.881+0000] {logging_mixin.py:190} INFO - [2024-12-12T19:58:30.881+0000] {dag.py:3239} INFO - Sync 1 DAGs
[2024-12-12T19:58:30.888+0000] {logging_mixin.py:190} INFO - [2024-12-12T19:58:30.888+0000] {dag.py:4180} INFO - Setting next_dagrun for movielens_processing to None, run_after=None
[2024-12-12T19:58:30.926+0000] {processor.py:208} INFO - Processing /opt/airflow/dags/movielens_processing.py took 0.184 seconds
[2024-12-12T19:59:01.100+0000] {processor.py:186} INFO - Started process (PID=124) to work on /opt/airflow/dags/movielens_processing.py
[2024-12-12T19:59:01.101+0000] {processor.py:914} INFO - Processing file /opt/airflow/dags/movielens_processing.py for tasks to queue
[2024-12-12T19:59:01.104+0000] {logging_mixin.py:190} INFO - [2024-12-12T19:59:01.104+0000] {dagbag.py:588} INFO - Filling up the DagBag from /opt/airflow/dags/movielens_processing.py
[2024-12-12T19:59:01.219+0000] {processor.py:925} INFO - DAG(s) 'movielens_processing' retrieved from /opt/airflow/dags/movielens_processing.py
[2024-12-12T19:59:01.238+0000] {logging_mixin.py:190} INFO - [2024-12-12T19:59:01.238+0000] {dag.py:3239} INFO - Sync 1 DAGs
[2024-12-12T19:59:01.245+0000] {logging_mixin.py:190} INFO - [2024-12-12T19:59:01.245+0000] {dag.py:4180} INFO - Setting next_dagrun for movielens_processing to None, run_after=None
[2024-12-12T19:59:01.253+0000] {processor.py:208} INFO - Processing /opt/airflow/dags/movielens_processing.py took 0.163 seconds
[2024-12-12T19:59:31.408+0000] {processor.py:186} INFO - Started process (PID=131) to work on /opt/airflow/dags/movielens_processing.py
[2024-12-12T19:59:31.409+0000] {processor.py:914} INFO - Processing file /opt/airflow/dags/movielens_processing.py for tasks to queue
[2024-12-12T19:59:31.413+0000] {logging_mixin.py:190} INFO - [2024-12-12T19:59:31.412+0000] {dagbag.py:588} INFO - Filling up the DagBag from /opt/airflow/dags/movielens_processing.py
[2024-12-12T19:59:31.524+0000] {processor.py:925} INFO - DAG(s) 'movielens_processing' retrieved from /opt/airflow/dags/movielens_processing.py
[2024-12-12T19:59:31.543+0000] {logging_mixin.py:190} INFO - [2024-12-12T19:59:31.542+0000] {dag.py:3239} INFO - Sync 1 DAGs
[2024-12-12T19:59:31.550+0000] {logging_mixin.py:190} INFO - [2024-12-12T19:59:31.550+0000] {dag.py:4180} INFO - Setting next_dagrun for movielens_processing to None, run_after=None
[2024-12-12T19:59:31.557+0000] {processor.py:208} INFO - Processing /opt/airflow/dags/movielens_processing.py took 0.159 seconds
[2024-12-12T20:00:01.757+0000] {processor.py:186} INFO - Started process (PID=138) to work on /opt/airflow/dags/movielens_processing.py
[2024-12-12T20:00:01.758+0000] {processor.py:914} INFO - Processing file /opt/airflow/dags/movielens_processing.py for tasks to queue
[2024-12-12T20:00:01.763+0000] {logging_mixin.py:190} INFO - [2024-12-12T20:00:01.763+0000] {dagbag.py:588} INFO - Filling up the DagBag from /opt/airflow/dags/movielens_processing.py
[2024-12-12T20:00:01.908+0000] {processor.py:925} INFO - DAG(s) 'movielens_processing' retrieved from /opt/airflow/dags/movielens_processing.py
[2024-12-12T20:00:01.929+0000] {logging_mixin.py:190} INFO - [2024-12-12T20:00:01.929+0000] {dag.py:3239} INFO - Sync 1 DAGs
[2024-12-12T20:00:01.938+0000] {logging_mixin.py:190} INFO - [2024-12-12T20:00:01.938+0000] {dag.py:4180} INFO - Setting next_dagrun for movielens_processing to None, run_after=None
[2024-12-12T20:00:01.947+0000] {processor.py:208} INFO - Processing /opt/airflow/dags/movielens_processing.py took 0.206 seconds
[2024-12-12T20:00:32.146+0000] {processor.py:186} INFO - Started process (PID=145) to work on /opt/airflow/dags/movielens_processing.py
[2024-12-12T20:00:32.148+0000] {processor.py:914} INFO - Processing file /opt/airflow/dags/movielens_processing.py for tasks to queue
[2024-12-12T20:00:32.153+0000] {logging_mixin.py:190} INFO - [2024-12-12T20:00:32.152+0000] {dagbag.py:588} INFO - Filling up the DagBag from /opt/airflow/dags/movielens_processing.py
[2024-12-12T20:00:32.268+0000] {processor.py:925} INFO - DAG(s) 'movielens_processing' retrieved from /opt/airflow/dags/movielens_processing.py
[2024-12-12T20:00:32.287+0000] {logging_mixin.py:190} INFO - [2024-12-12T20:00:32.287+0000] {dag.py:3239} INFO - Sync 1 DAGs
[2024-12-12T20:00:32.296+0000] {logging_mixin.py:190} INFO - [2024-12-12T20:00:32.296+0000] {dag.py:4180} INFO - Setting next_dagrun for movielens_processing to None, run_after=None
[2024-12-12T20:00:32.305+0000] {processor.py:208} INFO - Processing /opt/airflow/dags/movielens_processing.py took 0.170 seconds
[2024-12-12T20:01:02.531+0000] {processor.py:186} INFO - Started process (PID=152) to work on /opt/airflow/dags/movielens_processing.py
[2024-12-12T20:01:02.532+0000] {processor.py:914} INFO - Processing file /opt/airflow/dags/movielens_processing.py for tasks to queue
[2024-12-12T20:01:02.536+0000] {logging_mixin.py:190} INFO - [2024-12-12T20:01:02.535+0000] {dagbag.py:588} INFO - Filling up the DagBag from /opt/airflow/dags/movielens_processing.py
[2024-12-12T20:01:02.655+0000] {processor.py:925} INFO - DAG(s) 'movielens_processing' retrieved from /opt/airflow/dags/movielens_processing.py
[2024-12-12T20:01:02.676+0000] {logging_mixin.py:190} INFO - [2024-12-12T20:01:02.676+0000] {dag.py:3239} INFO - Sync 1 DAGs
[2024-12-12T20:01:02.686+0000] {logging_mixin.py:190} INFO - [2024-12-12T20:01:02.686+0000] {dag.py:4180} INFO - Setting next_dagrun for movielens_processing to None, run_after=None
[2024-12-12T20:01:02.696+0000] {processor.py:208} INFO - Processing /opt/airflow/dags/movielens_processing.py took 0.172 seconds
[2024-12-12T20:01:32.876+0000] {processor.py:186} INFO - Started process (PID=159) to work on /opt/airflow/dags/movielens_processing.py
[2024-12-12T20:01:32.877+0000] {processor.py:914} INFO - Processing file /opt/airflow/dags/movielens_processing.py for tasks to queue
[2024-12-12T20:01:32.881+0000] {logging_mixin.py:190} INFO - [2024-12-12T20:01:32.880+0000] {dagbag.py:588} INFO - Filling up the DagBag from /opt/airflow/dags/movielens_processing.py
[2024-12-12T20:01:32.995+0000] {processor.py:925} INFO - DAG(s) 'movielens_processing' retrieved from /opt/airflow/dags/movielens_processing.py
[2024-12-12T20:01:33.031+0000] {logging_mixin.py:190} INFO - [2024-12-12T20:01:33.031+0000] {dag.py:3239} INFO - Sync 1 DAGs
[2024-12-12T20:01:33.041+0000] {logging_mixin.py:190} INFO - [2024-12-12T20:01:33.041+0000] {dag.py:4180} INFO - Setting next_dagrun for movielens_processing to None, run_after=None
[2024-12-12T20:01:33.050+0000] {processor.py:208} INFO - Processing /opt/airflow/dags/movielens_processing.py took 0.184 seconds
[2024-12-12T20:02:03.256+0000] {processor.py:186} INFO - Started process (PID=166) to work on /opt/airflow/dags/movielens_processing.py
[2024-12-12T20:02:03.257+0000] {processor.py:914} INFO - Processing file /opt/airflow/dags/movielens_processing.py for tasks to queue
[2024-12-12T20:02:03.259+0000] {logging_mixin.py:190} INFO - [2024-12-12T20:02:03.259+0000] {dagbag.py:588} INFO - Filling up the DagBag from /opt/airflow/dags/movielens_processing.py
[2024-12-12T20:02:03.365+0000] {processor.py:925} INFO - DAG(s) 'movielens_processing' retrieved from /opt/airflow/dags/movielens_processing.py
[2024-12-12T20:02:03.383+0000] {logging_mixin.py:190} INFO - [2024-12-12T20:02:03.383+0000] {dag.py:3239} INFO - Sync 1 DAGs
[2024-12-12T20:02:03.392+0000] {logging_mixin.py:190} INFO - [2024-12-12T20:02:03.392+0000] {dag.py:4180} INFO - Setting next_dagrun for movielens_processing to None, run_after=None
[2024-12-12T20:02:03.400+0000] {processor.py:208} INFO - Processing /opt/airflow/dags/movielens_processing.py took 0.150 seconds
[2024-12-12T20:02:33.575+0000] {processor.py:186} INFO - Started process (PID=173) to work on /opt/airflow/dags/movielens_processing.py
[2024-12-12T20:02:33.577+0000] {processor.py:914} INFO - Processing file /opt/airflow/dags/movielens_processing.py for tasks to queue
[2024-12-12T20:02:33.580+0000] {logging_mixin.py:190} INFO - [2024-12-12T20:02:33.579+0000] {dagbag.py:588} INFO - Filling up the DagBag from /opt/airflow/dags/movielens_processing.py
[2024-12-12T20:02:33.692+0000] {processor.py:925} INFO - DAG(s) 'movielens_processing' retrieved from /opt/airflow/dags/movielens_processing.py
[2024-12-12T20:02:33.726+0000] {logging_mixin.py:190} INFO - [2024-12-12T20:02:33.726+0000] {dag.py:3239} INFO - Sync 1 DAGs
[2024-12-12T20:02:33.735+0000] {logging_mixin.py:190} INFO - [2024-12-12T20:02:33.735+0000] {dag.py:4180} INFO - Setting next_dagrun for movielens_processing to None, run_after=None
[2024-12-12T20:02:33.744+0000] {processor.py:208} INFO - Processing /opt/airflow/dags/movielens_processing.py took 0.176 seconds
[2024-12-12T20:07:46.175+0000] {processor.py:186} INFO - Started process (PID=44) to work on /opt/airflow/dags/movielens_processing.py
[2024-12-12T20:07:46.180+0000] {processor.py:914} INFO - Processing file /opt/airflow/dags/movielens_processing.py for tasks to queue
[2024-12-12T20:07:46.183+0000] {logging_mixin.py:190} INFO - [2024-12-12T20:07:46.182+0000] {dagbag.py:588} INFO - Filling up the DagBag from /opt/airflow/dags/movielens_processing.py
[2024-12-12T20:07:46.639+0000] {processor.py:925} INFO - DAG(s) 'movielens_processing' retrieved from /opt/airflow/dags/movielens_processing.py
[2024-12-12T20:07:46.683+0000] {logging_mixin.py:190} INFO - [2024-12-12T20:07:46.683+0000] {dag.py:3239} INFO - Sync 1 DAGs
[2024-12-12T20:07:46.703+0000] {logging_mixin.py:190} INFO - [2024-12-12T20:07:46.702+0000] {dag.py:4180} INFO - Setting next_dagrun for movielens_processing to None, run_after=None
[2024-12-12T20:07:46.769+0000] {processor.py:208} INFO - Processing /opt/airflow/dags/movielens_processing.py took 0.603 seconds
[2024-12-12T20:08:17.072+0000] {processor.py:186} INFO - Started process (PID=51) to work on /opt/airflow/dags/movielens_processing.py
[2024-12-12T20:08:17.073+0000] {processor.py:914} INFO - Processing file /opt/airflow/dags/movielens_processing.py for tasks to queue
[2024-12-12T20:08:17.080+0000] {logging_mixin.py:190} INFO - [2024-12-12T20:08:17.079+0000] {dagbag.py:588} INFO - Filling up the DagBag from /opt/airflow/dags/movielens_processing.py
[2024-12-12T20:08:17.220+0000] {processor.py:925} INFO - DAG(s) 'movielens_processing' retrieved from /opt/airflow/dags/movielens_processing.py
[2024-12-12T20:08:17.247+0000] {logging_mixin.py:190} INFO - [2024-12-12T20:08:17.247+0000] {dag.py:3239} INFO - Sync 1 DAGs
[2024-12-12T20:08:17.273+0000] {logging_mixin.py:190} INFO - [2024-12-12T20:08:17.273+0000] {dag.py:4180} INFO - Setting next_dagrun for movielens_processing to None, run_after=None
[2024-12-12T20:08:17.285+0000] {processor.py:208} INFO - Processing /opt/airflow/dags/movielens_processing.py took 0.229 seconds
[2024-12-12T20:08:47.626+0000] {processor.py:186} INFO - Started process (PID=58) to work on /opt/airflow/dags/movielens_processing.py
[2024-12-12T20:08:47.627+0000] {processor.py:914} INFO - Processing file /opt/airflow/dags/movielens_processing.py for tasks to queue
[2024-12-12T20:08:47.631+0000] {logging_mixin.py:190} INFO - [2024-12-12T20:08:47.631+0000] {dagbag.py:588} INFO - Filling up the DagBag from /opt/airflow/dags/movielens_processing.py
[2024-12-12T20:08:47.741+0000] {processor.py:925} INFO - DAG(s) 'movielens_processing' retrieved from /opt/airflow/dags/movielens_processing.py
[2024-12-12T20:08:47.760+0000] {logging_mixin.py:190} INFO - [2024-12-12T20:08:47.760+0000] {dag.py:3239} INFO - Sync 1 DAGs
[2024-12-12T20:08:47.767+0000] {logging_mixin.py:190} INFO - [2024-12-12T20:08:47.767+0000] {dag.py:4180} INFO - Setting next_dagrun for movielens_processing to None, run_after=None
[2024-12-12T20:08:47.776+0000] {processor.py:208} INFO - Processing /opt/airflow/dags/movielens_processing.py took 0.159 seconds
[2024-12-12T20:09:17.933+0000] {processor.py:186} INFO - Started process (PID=65) to work on /opt/airflow/dags/movielens_processing.py
[2024-12-12T20:09:17.935+0000] {processor.py:914} INFO - Processing file /opt/airflow/dags/movielens_processing.py for tasks to queue
[2024-12-12T20:09:17.940+0000] {logging_mixin.py:190} INFO - [2024-12-12T20:09:17.939+0000] {dagbag.py:588} INFO - Filling up the DagBag from /opt/airflow/dags/movielens_processing.py
[2024-12-12T20:09:18.029+0000] {processor.py:925} INFO - DAG(s) 'movielens_processing' retrieved from /opt/airflow/dags/movielens_processing.py
[2024-12-12T20:09:18.047+0000] {logging_mixin.py:190} INFO - [2024-12-12T20:09:18.047+0000] {dag.py:3239} INFO - Sync 1 DAGs
[2024-12-12T20:09:18.059+0000] {logging_mixin.py:190} INFO - [2024-12-12T20:09:18.059+0000] {dag.py:4180} INFO - Setting next_dagrun for movielens_processing to None, run_after=None
[2024-12-12T20:09:18.069+0000] {processor.py:208} INFO - Processing /opt/airflow/dags/movielens_processing.py took 0.147 seconds
[2024-12-12T20:09:48.377+0000] {processor.py:186} INFO - Started process (PID=78) to work on /opt/airflow/dags/movielens_processing.py
[2024-12-12T20:09:48.378+0000] {processor.py:914} INFO - Processing file /opt/airflow/dags/movielens_processing.py for tasks to queue
[2024-12-12T20:09:48.382+0000] {logging_mixin.py:190} INFO - [2024-12-12T20:09:48.382+0000] {dagbag.py:588} INFO - Filling up the DagBag from /opt/airflow/dags/movielens_processing.py
[2024-12-12T20:09:48.488+0000] {processor.py:925} INFO - DAG(s) 'movielens_processing' retrieved from /opt/airflow/dags/movielens_processing.py
[2024-12-12T20:09:48.504+0000] {logging_mixin.py:190} INFO - [2024-12-12T20:09:48.504+0000] {dag.py:3239} INFO - Sync 1 DAGs
[2024-12-12T20:09:48.511+0000] {logging_mixin.py:190} INFO - [2024-12-12T20:09:48.511+0000] {dag.py:4180} INFO - Setting next_dagrun for movielens_processing to None, run_after=None
[2024-12-12T20:09:48.520+0000] {processor.py:208} INFO - Processing /opt/airflow/dags/movielens_processing.py took 0.152 seconds
